
> @wrs/app-web3@1.0.0 test
> jest

FAIL src/main.spec.ts
  ‚óè Test suite failed to run

    Your test suite must contain at least one test.

      at onResult (../../node_modules/@jest/core/build/TestScheduler.js:133:18)
      at ../../node_modules/@jest/core/build/TestScheduler.js:254:19
      at ../../node_modules/emittery/index.js:363:13
          at Array.map (<anonymous>)
      at Emittery.emit (../../node_modules/emittery/index.js:361:23)

Test Suites: 1 failed, 1 total
Tests:       0 total
Snapshots:   0 total
Time:        2.383 s
Ran all test suites.
npm ERR! Lifecycle script `test` failed with error: 
npm ERR! Error: command failed 
npm ERR!   in workspace: @wrs/app-web3@1.0.0 
npm ERR!   at location: /Users/bale01/Repos/rxjs-sandbox/apps/web3 
